==============================
[2021-11-10 15:26:22]: chromedriver --version
==============================
ChromeDriver 95.0.4638.69 (6a1600ed572fedecd573b6c2b90a22fe6392a410-refs/branch-heads/4638@{#984})
==============================
[2021-11-10 15:26:23]: mdls -raw -name kMDItemVersion '/Applications/Google Chrome.app'
==============================
95.0.4638.69==============================
[2021-11-11 16:41:26]: chromedriver --version
==============================
ChromeDriver 95.0.4638.69 (6a1600ed572fedecd573b6c2b90a22fe6392a410-refs/branch-heads/4638@{#984})
==============================
[2021-11-11 16:41:26]: mdls -raw -name kMDItemVersion '/Applications/Google Chrome.app'
==============================
95.0.4638.69==============================
[2021-11-15 10:56:22]: chromedriver --version
==============================
ChromeDriver 95.0.4638.69 (6a1600ed572fedecd573b6c2b90a22fe6392a410-refs/branch-heads/4638@{#984})
==============================
[2021-11-15 10:56:22]: mdls -raw -name kMDItemVersion '/Applications/Google Chrome.app'
==============================
96.0.4664.45==============================
[2021-11-15 19:09:25]: chromedriver --version
==============================
ChromeDriver 95.0.4638.69 (6a1600ed572fedecd573b6c2b90a22fe6392a410-refs/branch-heads/4638@{#984})
==============================
[2021-11-15 19:09:25]: mdls -raw -name kMDItemVersion '/Applications/Google Chrome.app'
==============================
96.0.4664.45==============================
[2021-11-17 15:55:21]: chromedriver --version
==============================
ChromeDriver 95.0.4638.69 (6a1600ed572fedecd573b6c2b90a22fe6392a410-refs/branch-heads/4638@{#984})
==============================
[2021-11-17 15:55:21]: mdls -raw -name kMDItemVersion '/Applications/Google Chrome.app'
==============================
96.0.4664.45